0 info it worked if it ends with ok
1 verbose cli [ '/Users/kevinkorte/.meteor/packages/meteor-tool/.1.4.0-1.su0daw++os.osx.x86_64+web.browser+web.cordova/mt-os.osx.x86_64/dev_bundle/bin/node',
1 verbose cli   '/Users/kevinkorte/.meteor/packages/meteor-tool/.1.4.0-1.su0daw++os.osx.x86_64+web.browser+web.cordova/mt-os.osx.x86_64/dev_bundle/bin/npm',
1 verbose cli   'start' ]
2 info using npm@3.10.5
3 info using node@v4.4.7
4 verbose run-script [ 'prestart', 'start', 'poststart' ]
5 info lifecycle redrhino@~prestart: redrhino@
6 silly lifecycle redrhino@~prestart: no script for prestart, continuing
7 info lifecycle redrhino@~start: redrhino@
8 verbose lifecycle redrhino@~start: unsafe-perm in lifecycle true
9 verbose lifecycle redrhino@~start: PATH: /Users/kevinkorte/.meteor/packages/meteor-tool/.1.4.0-1.su0daw++os.osx.x86_64+web.browser+web.cordova/mt-os.osx.x86_64/dev_bundle/lib/node_modules/npm/bin/node-gyp-bin:/Users/kevinkorte/redrhino/node_modules/.bin:/Users/kevinkorte/.meteor/packages/meteor-tool/.1.4.0-1.su0daw++os.osx.x86_64+web.browser+web.cordova/mt-os.osx.x86_64/dev_bundle/bin:/Users/kevinkorte/.meteor/packages/meteor-tool/.1.4.0-1.su0daw++os.osx.x86_64+web.browser+web.cordova/mt-os.osx.x86_64/dev_bundle/bin:/Users/kevinkorte/.meteor/packages/meteor-tool/.1.4.0-1.su0daw++os.osx.x86_64+web.browser+web.cordova/mt-os.osx.x86_64/dev_bundle/lib/node_modules/.bin:/Users/kevinkorte/.rvm/gems/ruby-2.2.1/bin:/Users/kevinkorte/.rvm/gems/ruby-2.2.1@global/bin:/Users/kevinkorte/.rvm/rubies/ruby-2.2.1/bin:/usr/local/bin:/usr/bin:/bin:/usr/sbin:/sbin:/Users/kevinkorte/.rvm/bin
10 verbose lifecycle redrhino@~start: CWD: /Users/kevinkorte/redrhino
11 silly lifecycle redrhino@~start: Args: [ '-c', 'meteor --settings dev-settings.json' ]
12 silly lifecycle redrhino@~start: Returned: code: 2  signal: null
13 info lifecycle redrhino@~start: Failed to exec start script
14 verbose stack Error: redrhino@ start: `meteor --settings dev-settings.json`
14 verbose stack Exit status 2
14 verbose stack     at EventEmitter.<anonymous> (/Users/kevinkorte/.meteor/packages/meteor-tool/.1.4.0-1.su0daw++os.osx.x86_64+web.browser+web.cordova/mt-os.osx.x86_64/dev_bundle/lib/node_modules/npm/lib/utils/lifecycle.js:242:16)
14 verbose stack     at emitTwo (events.js:87:13)
14 verbose stack     at EventEmitter.emit (events.js:172:7)
14 verbose stack     at ChildProcess.<anonymous> (/Users/kevinkorte/.meteor/packages/meteor-tool/.1.4.0-1.su0daw++os.osx.x86_64+web.browser+web.cordova/mt-os.osx.x86_64/dev_bundle/lib/node_modules/npm/lib/utils/spawn.js:40:14)
14 verbose stack     at emitTwo (events.js:87:13)
14 verbose stack     at ChildProcess.emit (events.js:172:7)
14 verbose stack     at maybeClose (internal/child_process.js:827:16)
14 verbose stack     at Process.ChildProcess._handle.onexit (internal/child_process.js:211:5)
15 verbose pkgid redrhino@
16 verbose cwd /Users/kevinkorte/redrhino
17 error Darwin 14.5.0
18 error argv "/Users/kevinkorte/.meteor/packages/meteor-tool/.1.4.0-1.su0daw++os.osx.x86_64+web.browser+web.cordova/mt-os.osx.x86_64/dev_bundle/bin/node" "/Users/kevinkorte/.meteor/packages/meteor-tool/.1.4.0-1.su0daw++os.osx.x86_64+web.browser+web.cordova/mt-os.osx.x86_64/dev_bundle/bin/npm" "start"
19 error node v4.4.7
20 error npm  v3.10.5
21 error code ELIFECYCLE
22 error redrhino@ start: `meteor --settings dev-settings.json`
22 error Exit status 2
23 error Failed at the redrhino@ start script 'meteor --settings dev-settings.json'.
23 error Make sure you have the latest version of node.js and npm installed.
23 error If you do, this is most likely a problem with the redrhino package,
23 error not with npm itself.
23 error Tell the author that this fails on your system:
23 error     meteor --settings dev-settings.json
23 error You can get information on how to open an issue for this project with:
23 error     npm bugs redrhino
23 error Or if that isn't available, you can get their info via:
23 error     npm owner ls redrhino
23 error There is likely additional logging output above.
24 verbose exit [ 1, true ]
